SF:lib\src\services\local_photo_store.dart
DA:7,3
DA:10,6
LF:2
LH:2
end_of_record
SF:lib\src\repositories\profile_repository.dart
DA:13,3
DA:14,3
DA:17,6
DA:18,6
DA:19,6
DA:21,3
DA:22,9
DA:23,9
DA:24,9
DA:25,3
DA:28,0
DA:30,0
DA:31,0
DA:32,0
DA:33,0
DA:35,0
DA:40,0
DA:41,0
DA:42,0
DA:43,0
DA:44,0
DA:47,3
DA:48,6
DA:49,3
DA:50,3
DA:53,1
DA:54,2
DA:55,1
DA:56,1
DA:59,3
DA:60,9
DA:62,6
DA:63,6
DA:64,18
DA:66,0
LF:35
LH:23
end_of_record
SF:lib\src\services\preferences_service.dart
DA:11,3
DA:13,0
DA:15,0
DA:16,0
DA:18,0
DA:19,0
DA:23,9
DA:25,0
DA:27,3
DA:28,6
DA:31,9
DA:33,1
DA:34,2
DA:37,9
LF:14
LH:8
end_of_record
SF:lib\src\services\image_picker_service.dart
DA:7,0
DA:8,0
DA:14,0
DA:17,0
DA:18,0
DA:24,0
LF:6
LH:0
end_of_record
SF:lib\src\services\local_photo_store_io.dart
DA:14,3
DA:16,0
DA:18,0
DA:19,0
DA:20,0
DA:22,0
DA:23,0
DA:26,0
DA:27,0
DA:28,0
DA:38,0
DA:41,0
DA:43,0
DA:45,0
DA:51,0
DA:52,0
DA:53,0
DA:54,0
DA:56,0
DA:57,0
DA:61,0
DA:62,0
DA:63,0
DA:64,0
DA:66,0
DA:74,6
LF:26
LH:2
end_of_record
SF:lib\src\widgets\custom_drawer.dart
DA:9,2
DA:11,3
DA:13,3
DA:14,3
DA:15,3
DA:16,3
DA:18,3
DA:19,3
DA:20,3
DA:28,3
DA:29,3
DA:30,3
DA:31,6
DA:33,3
DA:35,3
DA:36,3
DA:38,3
DA:41,3
DA:42,6
DA:43,3
DA:47,3
DA:48,3
DA:54,3
DA:55,3
DA:56,3
DA:57,3
DA:66,3
DA:67,3
DA:69,3
DA:70,3
DA:72,3
DA:77,3
DA:81,3
DA:82,3
DA:85,3
DA:87,3
DA:92,3
DA:93,3
DA:94,3
DA:96,0
DA:97,0
DA:101,0
DA:104,3
DA:119,3
DA:120,3
DA:121,3
DA:122,3
DA:125,0
DA:126,0
DA:134,0
DA:138,0
DA:139,0
DA:140,0
DA:141,0
DA:146,0
DA:147,0
DA:157,3
DA:158,3
DA:159,3
DA:160,3
DA:162,3
DA:164,3
DA:165,3
DA:166,3
DA:170,3
DA:172,3
DA:174,3
DA:191,3
DA:194,0
DA:195,0
DA:196,0
DA:197,0
DA:198,0
DA:202,3
DA:205,0
DA:206,0
DA:207,0
DA:208,0
DA:209,0
DA:214,0
DA:218,0
DA:219,0
DA:220,0
DA:221,0
DA:222,0
LF:85
LH:57
end_of_record
